#
# There is insufficient memory for the Java Runtime Environment to continue.
# Native memory allocation (malloc) failed to allocate 32744 bytes for Chunk::new
# Possible reasons:
#   The system is out of physical RAM or swap space
#   The process is running with CompressedOops enabled, and the Java Heap may be blocking the growth of the native heap
# Possible solutions:
#   Reduce memory load on the system
#   Increase physical memory or swap space
#   Check if swap backing store is full
#   Decrease Java heap size (-Xmx/-Xms)
#   Decrease number of Java threads
#   Decrease Java thread stack sizes (-Xss)
#   Set larger code cache with -XX:ReservedCodeCacheSize=
#   JVM is running with Unscaled Compressed Oops mode in which the Java heap is
#     placed in the first 4GB address space. The Java Heap base address is the
#     maximum limit for the native heap growth. Please use -XX:HeapBaseMinAddress
#     to set the Java Heap base and to place the Java Heap above 4GB virtual address.
# This output file may be truncated or incomplete.
#
#  Out of Memory Error (arena.cpp:168), pid=14232, tid=11088
#
# JRE version: Java(TM) SE Runtime Environment (21.0.4+8) (build 21.0.4+8-LTS-274)
# Java VM: Java HotSpot(TM) 64-Bit Server VM (21.0.4+8-LTS-274, mixed mode, sharing, tiered, compressed oops, compressed class ptrs, g1 gc, windows-amd64)
# No core dump will be written. Minidumps are not enabled by default on client versions of Windows
#

---------------  S U M M A R Y ------------

Command Line: -javaagent:C:\Program Files\JetBrains\IntelliJ IDEA Community Edition 2024.3.1.1\lib\idea_rt.jar=58171:C:\Program Files\JetBrains\IntelliJ IDEA Community Edition 2024.3.1.1\bin -Dfile.encoding=UTF-8 -Dsun.stdout.encoding=UTF-8 -Dsun.stderr.encoding=UTF-8 com.project.e_commerce.ECommerceApplication

Host: Intel(R) Core(TM) i5-7300U CPU @ 2.60GHz, 4 cores, 7G,  Windows 10 , 64 bit Build 19041 (10.0.19041.5198)
Time: Fri Jan 24 11:40:40 2025 India Standard Time elapsed time: 40.796334 seconds (0d 0h 0m 40s)

---------------  T H R E A D  ---------------

Current thread (0x0000018b2717f520):  JavaThread "C2 CompilerThread0" daemon [_thread_in_native, id=11088, stack(0x0000001623500000,0x0000001623600000) (1024K)]


Current CompileTask:
C2:  40796 7069       4       org.springframework.core.ResolvableType::hasGenerics (14 bytes)

Stack: [0x0000001623500000,0x0000001623600000]
Native frames: (J=compiled Java code, j=interpreted, Vv=VM code, C=native code)
V  [jvm.dll+0x6c8e59]
V  [jvm.dll+0x853181]
V  [jvm.dll+0x8556ae]
V  [jvm.dll+0x855d83]
V  [jvm.dll+0x27d526]
V  [jvm.dll+0xc4aad]
V  [jvm.dll+0xc4fe3]
V  [jvm.dll+0xd23cd]
V  [jvm.dll+0x5e434b]
V  [jvm.dll+0x5e267d]
V  [jvm.dll+0x5e2f10]
V  [jvm.dll+0x5e2490]
V  [jvm.dll+0x5f47c5]
V  [jvm.dll+0x24f102]
V  [jvm.dll+0x247db6]
V  [jvm.dll+0x245754]
V  [jvm.dll+0x1c69de]
V  [jvm.dll+0x254d49]
V  [jvm.dll+0x2532da]
V  [jvm.dll+0x3ed426]
V  [jvm.dll+0x7fd65b]
V  [jvm.dll+0x6c753d]
C  [ucrtbase.dll+0x21bb2]
C  [KERNEL32.DLL+0x17374]
C  [ntdll.dll+0x4cc91]


---------------  P R O C E S S  ---------------

Threads class SMR info:
_java_thread_list=0x0000018b70e8b5f0, length=29, elements={
0x0000018b27178c50, 0x0000018b2717a9d0, 0x0000018b2717c5f0, 0x0000018b2717d050,
0x0000018b2717dd30, 0x0000018b2717e790, 0x0000018b2717f520, 0x0000018b2719db00,
0x0000018b273a3590, 0x0000018b27886f70, 0x0000018b27623a00, 0x0000018b6e678ff0,
0x0000018b27ee8030, 0x0000018b6f672640, 0x0000018b6de4f290, 0x0000018b6df6e480,
0x0000018b6df6f1a0, 0x0000018b6df6ca40, 0x0000018b71a0eb50, 0x0000018b71a0ff00,
0x0000018b71a10590, 0x0000018b71a10c20, 0x0000018b71a112b0, 0x0000018b71a0f1e0,
0x0000018b71a0de30, 0x0000018b71a0f870, 0x0000018b71a0e4c0, 0x0000018b70ddcff0,
0x0000018b70dda890
}

Java Threads: ( => current thread )
  0x0000018b27178c50 JavaThread "Reference Handler"          daemon [_thread_blocked, id=13520, stack(0x0000001622f00000,0x0000001623000000) (1024K)]
  0x0000018b2717a9d0 JavaThread "Finalizer"                  daemon [_thread_blocked, id=13344, stack(0x0000001623000000,0x0000001623100000) (1024K)]
  0x0000018b2717c5f0 JavaThread "Signal Dispatcher"          daemon [_thread_blocked, id=12988, stack(0x0000001623100000,0x0000001623200000) (1024K)]
  0x0000018b2717d050 JavaThread "Attach Listener"            daemon [_thread_blocked, id=2496, stack(0x0000001623200000,0x0000001623300000) (1024K)]
  0x0000018b2717dd30 JavaThread "Service Thread"             daemon [_thread_blocked, id=8992, stack(0x0000001623300000,0x0000001623400000) (1024K)]
  0x0000018b2717e790 JavaThread "Monitor Deflation Thread"   daemon [_thread_blocked, id=5392, stack(0x0000001623400000,0x0000001623500000) (1024K)]
=>0x0000018b2717f520 JavaThread "C2 CompilerThread0"         daemon [_thread_in_native, id=11088, stack(0x0000001623500000,0x0000001623600000) (1024K)]
  0x0000018b2719db00 JavaThread "C1 CompilerThread0"         daemon [_thread_blocked, id=1408, stack(0x0000001623600000,0x0000001623700000) (1024K)]
  0x0000018b273a3590 JavaThread "Common-Cleaner"             daemon [_thread_blocked, id=15356, stack(0x0000001623700000,0x0000001623800000) (1024K)]
  0x0000018b27886f70 JavaThread "Monitor Ctrl-Break"         daemon [_thread_in_native, id=14732, stack(0x0000001623800000,0x0000001623900000) (1024K)]
  0x0000018b27623a00 JavaThread "Notification Thread"        daemon [_thread_blocked, id=13792, stack(0x0000001623900000,0x0000001623a00000) (1024K)]
  0x0000018b6e678ff0 JavaThread "mysql-cj-abandoned-connection-cleanup" daemon [_thread_blocked, id=17448, stack(0x0000001623e00000,0x0000001623f00000) (1024K)]
  0x0000018b27ee8030 JavaThread "HikariPool-1 housekeeper"   daemon [_thread_blocked, id=9972, stack(0x0000001623a00000,0x0000001623b00000) (1024K)]
  0x0000018b6f672640 JavaThread "Catalina-utility-1"                [_thread_blocked, id=9464, stack(0x0000001624100000,0x0000001624200000) (1024K)]
  0x0000018b6de4f290 JavaThread "Catalina-utility-2"                [_thread_blocked, id=9656, stack(0x0000001624200000,0x0000001624300000) (1024K)]
  0x0000018b6df6e480 JavaThread "container-0"                       [_thread_blocked, id=15816, stack(0x0000001624300000,0x0000001624400000) (1024K)]
  0x0000018b6df6f1a0 JavaThread "http-nio-8080-exec-1"       daemon [_thread_in_vm, id=3812, stack(0x0000001624400000,0x0000001624500000) (1024K)]
  0x0000018b6df6ca40 JavaThread "http-nio-8080-exec-2"       daemon [_thread_blocked, id=1704, stack(0x0000001624500000,0x0000001624600000) (1024K)]
  0x0000018b71a0eb50 JavaThread "http-nio-8080-exec-3"       daemon [_thread_blocked, id=16344, stack(0x0000001624600000,0x0000001624700000) (1024K)]
  0x0000018b71a0ff00 JavaThread "http-nio-8080-exec-4"       daemon [_thread_blocked, id=11204, stack(0x0000001624700000,0x0000001624800000) (1024K)]
  0x0000018b71a10590 JavaThread "http-nio-8080-exec-5"       daemon [_thread_blocked, id=14388, stack(0x0000001624800000,0x0000001624900000) (1024K)]
  0x0000018b71a10c20 JavaThread "http-nio-8080-exec-6"       daemon [_thread_blocked, id=17404, stack(0x0000001624900000,0x0000001624a00000) (1024K)]
  0x0000018b71a112b0 JavaThread "http-nio-8080-exec-7"       daemon [_thread_blocked, id=2068, stack(0x0000001624a00000,0x0000001624b00000) (1024K)]
  0x0000018b71a0f1e0 JavaThread "http-nio-8080-exec-8"       daemon [_thread_blocked, id=17384, stack(0x0000001624b00000,0x0000001624c00000) (1024K)]
  0x0000018b71a0de30 JavaThread "http-nio-8080-exec-9"       daemon [_thread_blocked, id=14816, stack(0x0000001624c00000,0x0000001624d00000) (1024K)]
  0x0000018b71a0f870 JavaThread "http-nio-8080-exec-10"      daemon [_thread_blocked, id=11864, stack(0x0000001624d00000,0x0000001624e00000) (1024K)]
  0x0000018b71a0e4c0 JavaThread "http-nio-8080-Poller"       daemon [_thread_in_native, id=968, stack(0x0000001624e00000,0x0000001624f00000) (1024K)]
  0x0000018b70ddcff0 JavaThread "http-nio-8080-Acceptor"     daemon [_thread_in_native, id=12188, stack(0x0000001624f00000,0x0000001625000000) (1024K)]
  0x0000018b70dda890 JavaThread "DestroyJavaVM"                     [_thread_blocked, id=1264, stack(0x0000001622700000,0x0000001622800000) (1024K)]
Total: 29

Other Threads:
  0x0000018b2715a520 VMThread "VM Thread"                           [id=10252, stack(0x0000001622e00000,0x0000001622f00000) (1024K)]
  0x0000018b27141ca0 WatcherThread "VM Periodic Task Thread"        [id=14312, stack(0x0000001622d00000,0x0000001622e00000) (1024K)]
  0x0000018b0b368700 WorkerThread "GC Thread#0"                     [id=17228, stack(0x0000001622800000,0x0000001622900000) (1024K)]
  0x0000018b6d46a9b0 WorkerThread "GC Thread#1"                     [id=16920, stack(0x0000001623b00000,0x0000001623c00000) (1024K)]
  0x0000018b27c49800 WorkerThread "GC Thread#2"                     [id=2156, stack(0x0000001623c00000,0x0000001623d00000) (1024K)]
  0x0000018b27d69ab0 WorkerThread "GC Thread#3"                     [id=2420, stack(0x0000001623d00000,0x0000001623e00000) (1024K)]
  0x0000018b0b3794f0 ConcurrentGCThread "G1 Main Marker"            [id=12748, stack(0x0000001622900000,0x0000001622a00000) (1024K)]
  0x0000018b0b37a6a0 WorkerThread "G1 Conc#0"                       [id=18956, stack(0x0000001622a00000,0x0000001622b00000) (1024K)]
  0x0000018b270120b0 ConcurrentGCThread "G1 Refine#0"               [id=2984, stack(0x0000001622b00000,0x0000001622c00000) (1024K)]
  0x0000018b27012a80 ConcurrentGCThread "G1 Service"                [id=2124, stack(0x0000001622c00000,0x0000001622d00000) (1024K)]
Total: 10

Threads with active compile tasks:
C2 CompilerThread0    40874 7069       4       org.springframework.core.ResolvableType::hasGenerics (14 bytes)
Total: 1

VM state: not at safepoint (normal execution)

VM Mutex/Monitor currently owned by a thread: None

Heap address: 0x0000000089600000, size: 1898 MB, Compressed Oops mode: 32-bit

CDS archive(s) mapped at: [0x0000018b28000000-0x0000018b28c90000-0x0000018b28c90000), size 13172736, SharedBaseAddress: 0x0000018b28000000, ArchiveRelocationMode: 1.
Compressed class space mapped at: 0x0000018b29000000-0x0000018b69000000, reserved size: 1073741824
Narrow klass base: 0x0000018b28000000, Narrow klass shift: 0, Narrow klass range: 0x100000000

GC Precious Log:
 CardTable entry size: 512
 Card Set container configuration: InlinePtr #cards 5 size 8 Array Of Cards #cards 12 size 40 Howl #buckets 4 coarsen threshold 1843 Howl Bitmap #cards 512 size 80 coarsen threshold 460 Card regions per heap region 1 cards per card region 2048
 CPUs: 4 total, 4 available
 Memory: 7587M
 Large Page Support: Disabled
 NUMA Support: Disabled
 Compressed Oops: Enabled (32-bit)
 Heap Region Size: 1M
 Heap Min Capacity: 8M
 Heap Initial Capacity: 120M
 Heap Max Capacity: 1898M
 Pre-touch: Disabled
 Parallel Workers: 4
 Concurrent Workers: 1
 Concurrent Refinement Workers: 4
 Periodic GC: Disabled

Heap:
 garbage-first heap   total 67584K, used 46505K [0x0000000089600000, 0x0000000100000000)
  region size 1024K, 18 young (18432K), 4 survivors (4096K)
 Metaspace       used 71022K, committed 71808K, reserved 1114112K
  class space    used 9598K, committed 9920K, reserved 1048576K

Heap Regions: E=young(eden), S=young(survivor), O=old, HS=humongous(starts), HC=humongous(continues), CS=collection set, F=free, TAMS=top-at-mark-start, PB=parsable bottom
|   0|0x0000000089600000, 0x0000000089700000, 0x0000000089700000|100%|HS|  |TAMS 0x0000000089600000| PB 0x0000000089600000| Complete 
|   1|0x0000000089700000, 0x0000000089800000, 0x0000000089800000|100%|HS|  |TAMS 0x0000000089700000| PB 0x0000000089700000| Complete 
|   2|0x0000000089800000, 0x0000000089900000, 0x0000000089900000|100%| O|  |TAMS 0x0000000089800000| PB 0x0000000089800000| Untracked 
|   3|0x0000000089900000, 0x0000000089a00000, 0x0000000089a00000|100%| O|  |TAMS 0x0000000089900000| PB 0x0000000089900000| Untracked 
|   4|0x0000000089a00000, 0x0000000089b00000, 0x0000000089b00000|100%| O|  |TAMS 0x0000000089a00000| PB 0x0000000089a00000| Untracked 
|   5|0x0000000089b00000, 0x0000000089c00000, 0x0000000089c00000|100%| O|  |TAMS 0x0000000089b00000| PB 0x0000000089b00000| Untracked 
|   6|0x0000000089c00000, 0x0000000089d00000, 0x0000000089d00000|100%| O|  |TAMS 0x0000000089c00000| PB 0x0000000089c00000| Untracked 
|   7|0x0000000089d00000, 0x0000000089e00000, 0x0000000089e00000|100%| O|  |TAMS 0x0000000089d00000| PB 0x0000000089d00000| Untracked 
|   8|0x0000000089e00000, 0x0000000089f00000, 0x0000000089f00000|100%| O|  |TAMS 0x0000000089e00000| PB 0x0000000089e00000| Untracked 
|   9|0x0000000089f00000, 0x000000008a000000, 0x000000008a000000|100%| O|  |TAMS 0x0000000089f00000| PB 0x0000000089f00000| Untracked 
|  10|0x000000008a000000, 0x000000008a100000, 0x000000008a100000|100%| O|  |TAMS 0x000000008a000000| PB 0x000000008a000000| Untracked 
|  11|0x000000008a100000, 0x000000008a200000, 0x000000008a200000|100%| O|  |TAMS 0x000000008a100000| PB 0x000000008a100000| Untracked 
|  12|0x000000008a200000, 0x000000008a300000, 0x000000008a300000|100%| O|  |TAMS 0x000000008a200000| PB 0x000000008a200000| Untracked 
|  13|0x000000008a300000, 0x000000008a400000, 0x000000008a400000|100%| O|  |TAMS 0x000000008a300000| PB 0x000000008a300000| Untracked 
|  14|0x000000008a400000, 0x000000008a500000, 0x000000008a500000|100%| O|  |TAMS 0x000000008a400000| PB 0x000000008a400000| Untracked 
|  15|0x000000008a500000, 0x000000008a600000, 0x000000008a600000|100%| O|  |TAMS 0x000000008a500000| PB 0x000000008a500000| Untracked 
|  16|0x000000008a600000, 0x000000008a700000, 0x000000008a700000|100%| O|  |TAMS 0x000000008a600000| PB 0x000000008a600000| Untracked 
|  17|0x000000008a700000, 0x000000008a800000, 0x000000008a800000|100%| O|  |TAMS 0x000000008a700000| PB 0x000000008a700000| Untracked 
|  18|0x000000008a800000, 0x000000008a900000, 0x000000008a900000|100%| O|  |TAMS 0x000000008a800000| PB 0x000000008a800000| Untracked 
|  19|0x000000008a900000, 0x000000008aa00000, 0x000000008aa00000|100%| O|  |TAMS 0x000000008a900000| PB 0x000000008a900000| Untracked 
|  20|0x000000008aa00000, 0x000000008ab00000, 0x000000008ab00000|100%| O|  |TAMS 0x000000008aa00000| PB 0x000000008aa00000| Untracked 
|  21|0x000000008ab00000, 0x000000008ac00000, 0x000000008ac00000|100%| O|  |TAMS 0x000000008ab00000| PB 0x000000008ab00000| Untracked 
|  22|0x000000008ac00000, 0x000000008ad00000, 0x000000008ad00000|100%| O|  |TAMS 0x000000008ac00000| PB 0x000000008ac00000| Untracked 
|  23|0x000000008ad00000, 0x000000008ae00000, 0x000000008ae00000|100%| O|  |TAMS 0x000000008ad00000| PB 0x000000008ad00000| Untracked 
|  24|0x000000008ae00000, 0x000000008ae00000, 0x000000008af00000|  0%| F|  |TAMS 0x000000008ae00000| PB 0x000000008ae00000| Untracked 
|  25|0x000000008af00000, 0x000000008b000000, 0x000000008b000000|100%| O|  |TAMS 0x000000008af00000| PB 0x000000008af00000| Untracked 
|  26|0x000000008b000000, 0x000000008b100000, 0x000000008b100000|100%| O|  |TAMS 0x000000008b000000| PB 0x000000008b000000| Untracked 
|  27|0x000000008b100000, 0x000000008b200000, 0x000000008b200000|100%| O|  |TAMS 0x000000008b100000| PB 0x000000008b100000| Untracked 
|  28|0x000000008b200000, 0x000000008b300000, 0x000000008b300000|100%| O|  |TAMS 0x000000008b200000| PB 0x000000008b200000| Untracked 
|  29|0x000000008b300000, 0x000000008b400000, 0x000000008b400000|100%| O|  |TAMS 0x000000008b300000| PB 0x000000008b300000| Untracked 
|  30|0x000000008b400000, 0x000000008b400000, 0x000000008b500000|  0%| F|  |TAMS 0x000000008b400000| PB 0x000000008b400000| Untracked 
|  31|0x000000008b500000, 0x000000008b500000, 0x000000008b600000|  0%| F|  |TAMS 0x000000008b500000| PB 0x000000008b500000| Untracked 
|  32|0x000000008b600000, 0x000000008b600000, 0x000000008b700000|  0%| F|  |TAMS 0x000000008b600000| PB 0x000000008b600000| Untracked 
|  33|0x000000008b700000, 0x000000008b700000, 0x000000008b800000|  0%| F|  |TAMS 0x000000008b700000| PB 0x000000008b700000| Untracked 
|  34|0x000000008b800000, 0x000000008b82b768, 0x000000008b900000| 16%| S|CS|TAMS 0x000000008b800000| PB 0x000000008b800000| Complete 
|  35|0x000000008b900000, 0x000000008ba00000, 0x000000008ba00000|100%| S|CS|TAMS 0x000000008b900000| PB 0x000000008b900000| Complete 
|  36|0x000000008ba00000, 0x000000008bb00000, 0x000000008bb00000|100%| S|CS|TAMS 0x000000008ba00000| PB 0x000000008ba00000| Complete 
|  37|0x000000008bb00000, 0x000000008bc00000, 0x000000008bc00000|100%| S|CS|TAMS 0x000000008bb00000| PB 0x000000008bb00000| Complete 
|  38|0x000000008bc00000, 0x000000008bc00000, 0x000000008bd00000|  0%| F|  |TAMS 0x000000008bc00000| PB 0x000000008bc00000| Untracked 
|  39|0x000000008bd00000, 0x000000008bd00000, 0x000000008be00000|  0%| F|  |TAMS 0x000000008bd00000| PB 0x000000008bd00000| Untracked 
|  40|0x000000008be00000, 0x000000008be00000, 0x000000008bf00000|  0%| F|  |TAMS 0x000000008be00000| PB 0x000000008be00000| Untracked 
|  41|0x000000008bf00000, 0x000000008bf00000, 0x000000008c000000|  0%| F|  |TAMS 0x000000008bf00000| PB 0x000000008bf00000| Untracked 
|  42|0x000000008c000000, 0x000000008c000000, 0x000000008c100000|  0%| F|  |TAMS 0x000000008c000000| PB 0x000000008c000000| Untracked 
|  43|0x000000008c100000, 0x000000008c100000, 0x000000008c200000|  0%| F|  |TAMS 0x000000008c100000| PB 0x000000008c100000| Untracked 
|  44|0x000000008c200000, 0x000000008c200000, 0x000000008c300000|  0%| F|  |TAMS 0x000000008c200000| PB 0x000000008c200000| Untracked 
|  45|0x000000008c300000, 0x000000008c300000, 0x000000008c400000|  0%| F|  |TAMS 0x000000008c300000| PB 0x000000008c300000| Untracked 
|  46|0x000000008c400000, 0x000000008c400000, 0x000000008c500000|  0%| F|  |TAMS 0x000000008c400000| PB 0x000000008c400000| Untracked 
|  47|0x000000008c500000, 0x000000008c500000, 0x000000008c600000|  0%| F|  |TAMS 0x000000008c500000| PB 0x000000008c500000| Untracked 
|  48|0x000000008c600000, 0x000000008c600000, 0x000000008c700000|  0%| F|  |TAMS 0x000000008c600000| PB 0x000000008c600000| Untracked 
|  49|0x000000008c700000, 0x000000008c700000, 0x000000008c800000|  0%| F|  |TAMS 0x000000008c700000| PB 0x000000008c700000| Untracked 
|  50|0x000000008c800000, 0x000000008c800000, 0x000000008c900000|  0%| F|  |TAMS 0x000000008c800000| PB 0x000000008c800000| Untracked 
|  51|0x000000008c900000, 0x000000008ca00000, 0x000000008ca00000|100%| E|  |TAMS 0x000000008c900000| PB 0x000000008c900000| Complete 
|  52|0x000000008ca00000, 0x000000008cb00000, 0x000000008cb00000|100%| E|CS|TAMS 0x000000008ca00000| PB 0x000000008ca00000| Complete 
|  53|0x000000008cb00000, 0x000000008cc00000, 0x000000008cc00000|100%| E|CS|TAMS 0x000000008cb00000| PB 0x000000008cb00000| Complete 
|  54|0x000000008cc00000, 0x000000008cd00000, 0x000000008cd00000|100%| E|CS|TAMS 0x000000008cc00000| PB 0x000000008cc00000| Complete 
|  55|0x000000008cd00000, 0x000000008ce00000, 0x000000008ce00000|100%| E|CS|TAMS 0x000000008cd00000| PB 0x000000008cd00000| Complete 
|  56|0x000000008ce00000, 0x000000008cf00000, 0x000000008cf00000|100%| E|CS|TAMS 0x000000008ce00000| PB 0x000000008ce00000| Complete 
|  81|0x000000008e700000, 0x000000008e800000, 0x000000008e800000|100%| E|CS|TAMS 0x000000008e700000| PB 0x000000008e700000| Complete 
|  86|0x000000008ec00000, 0x000000008ed00000, 0x000000008ed00000|100%| E|CS|TAMS 0x000000008ec00000| PB 0x000000008ec00000| Complete 
|  87|0x000000008ed00000, 0x000000008ee00000, 0x000000008ee00000|100%| E|CS|TAMS 0x000000008ed00000| PB 0x000000008ed00000| Complete 
|  88|0x000000008ee00000, 0x000000008ef00000, 0x000000008ef00000|100%| E|CS|TAMS 0x000000008ee00000| PB 0x000000008ee00000| Complete 
|  89|0x000000008ef00000, 0x000000008f000000, 0x000000008f000000|100%| E|CS|TAMS 0x000000008ef00000| PB 0x000000008ef00000| Complete 
|  90|0x000000008f000000, 0x000000008f100000, 0x000000008f100000|100%| E|CS|TAMS 0x000000008f000000| PB 0x000000008f000000| Complete 
|  91|0x000000008f100000, 0x000000008f200000, 0x000000008f200000|100%| E|CS|TAMS 0x000000008f100000| PB 0x000000008f100000| Complete 
| 119|0x0000000090d00000, 0x0000000090e00000, 0x0000000090e00000|100%| E|CS|TAMS 0x0000000090d00000| PB 0x0000000090d00000| Complete 
|1897|0x00000000fff00000, 0x00000000fff3eca0, 0x0000000100000000| 24%| O|  |TAMS 0x00000000fff00000| PB 0x00000000fff00000| Untracked 

Card table byte_map: [0x0000018b22b50000,0x0000018b22f10000] _byte_map_base: 0x0000018b22705000

Marking Bits: (CMBitMap*) 0x0000018b0b368d10
 Bits: [0x0000018b22f10000, 0x0000018b24cb8000)

Polling page: 0x0000018b09250000

Metaspace:

Usage:
  Non-class:     59.98 MB used.
      Class:      9.37 MB used.
       Both:     69.36 MB used.

Virtual space:
  Non-class space:       64.00 MB reserved,      60.44 MB ( 94%) committed,  1 nodes.
      Class space:        1.00 GB reserved,       9.69 MB ( <1%) committed,  1 nodes.
             Both:        1.06 GB reserved,      70.12 MB (  6%) committed. 

Chunk freelists:
   Non-Class:  3.30 MB
       Class:  6.19 MB
        Both:  9.48 MB

MaxMetaspaceSize: unlimited
CompressedClassSpaceSize: 1.00 GB
Initial GC threshold: 21.00 MB
Current GC threshold: 99.31 MB
CDS: on
 - commit_granule_bytes: 65536.
 - commit_granule_words: 8192.
 - virtual_space_node_default_size: 8388608.
 - enlarge_chunks_in_place: 1.
 - use_allocation_guard: 0.


Internal statistics:

num_allocs_failed_limit: 12.
num_arena_births: 1088.
num_arena_deaths: 0.
num_vsnodes_births: 2.
num_vsnodes_deaths: 0.
num_space_committed: 1121.
num_space_uncommitted: 0.
num_chunks_returned_to_freelist: 12.
num_chunks_taken_from_freelist: 3742.
num_chunk_merges: 12.
num_chunk_splits: 2672.
num_chunks_enlarged: 2028.
num_inconsistent_stats: 0.

CodeHeap 'non-profiled nmethods': size=120000Kb used=4098Kb max_used=4098Kb free=115901Kb
 bounds [0x0000018b1b260000, 0x0000018b1b670000, 0x0000018b22790000]
CodeHeap 'profiled nmethods': size=120000Kb used=12511Kb max_used=12511Kb free=107488Kb
 bounds [0x0000018b13790000, 0x0000018b143d0000, 0x0000018b1acc0000]
CodeHeap 'non-nmethods': size=5760Kb used=1694Kb max_used=1777Kb free=4065Kb
 bounds [0x0000018b1acc0000, 0x0000018b1af30000, 0x0000018b1b260000]
 total_blobs=7117 nmethods=6392 adapters=628
 compilation: enabled
              stopped_count=0, restarted_count=0
 full_count=0

Compilation events (20 events):
Event: 40.405 Thread 0x0000018b2719db00 7071       3       java.lang.invoke.StringConcatFactory::prepender (67 bytes)
Event: 40.405 Thread 0x0000018b2719db00 nmethod 7071 0x0000018b143c5a10 code [0x0000018b143c5c40, 0x0000018b143c64d8]
Event: 40.406 Thread 0x0000018b2719db00 7072       3       ch.qos.logback.core.pattern.DynamicConverter::getFirstOption (35 bytes)
Event: 40.406 Thread 0x0000018b2719db00 nmethod 7072 0x0000018b143c6710 code [0x0000018b143c68e0, 0x0000018b143c6d20]
Event: 40.406 Thread 0x0000018b2719db00 7073       3       ch.qos.logback.core.pattern.CompositeConverter::convert (43 bytes)
Event: 40.407 Thread 0x0000018b2719db00 nmethod 7073 0x0000018b143c6e10 code [0x0000018b143c7020, 0x0000018b143c7608]
Event: 40.441 Thread 0x0000018b2717f520 nmethod 7065% 0x0000018b1b659810 code [0x0000018b1b659b00, 0x0000018b1b65b408]
Event: 40.442 Thread 0x0000018b2717f520 7067   !   4       java.util.concurrent.ConcurrentHashMap::computeIfAbsent (576 bytes)
Event: 40.479 Thread 0x0000018b2717f520 nmethod 7067 0x0000018b1b65c390 code [0x0000018b1b65c5e0, 0x0000018b1b65d918]
Event: 40.479 Thread 0x0000018b2717f520 7068   !   4       org.springframework.beans.factory.support.DefaultSingletonBeanRegistry::getSingleton (181 bytes)
Event: 40.548 Thread 0x0000018b2717f520 nmethod 7068 0x0000018b1b65e310 code [0x0000018b1b65e600, 0x0000018b1b65f570]
Event: 40.550 Thread 0x0000018b2717f520 7066       4       java.lang.invoke.MethodType::checkPtypes (76 bytes)
Event: 40.558 Thread 0x0000018b2717f520 nmethod 7066 0x0000018b1b660110 code [0x0000018b1b6602a0, 0x0000018b1b660458]
Event: 40.558 Thread 0x0000018b2717f520 7069       4       org.springframework.core.ResolvableType::hasGenerics (14 bytes)
Event: 40.559 Thread 0x0000018b2719db00 7074       1       org.apache.tomcat.util.http.MimeHeaderField::getName (5 bytes)
Event: 40.559 Thread 0x0000018b2719db00 nmethod 7074 0x0000018b1b660610 code [0x0000018b1b6607a0, 0x0000018b1b660868]
Event: 40.560 Thread 0x0000018b2719db00 7075       3       java.nio.charset.CharsetDecoder::reset (11 bytes)
Event: 40.560 Thread 0x0000018b2719db00 nmethod 7075 0x0000018b143c7810 code [0x0000018b143c79a0, 0x0000018b143c7b90]
Event: 40.560 Thread 0x0000018b2719db00 7076       3       java.nio.charset.CharsetDecoder::implReset (1 bytes)
Event: 40.560 Thread 0x0000018b2719db00 nmethod 7076 0x0000018b143c7c90 code [0x0000018b143c7e20, 0x0000018b143c7f28]

GC Heap History (20 events):
Event: 5.110 GC heap before
{Heap before GC invocations=5 (full 0):
 garbage-first heap   total 55296K, used 40245K [0x0000000089600000, 0x0000000100000000)
  region size 1024K, 32 young (32768K), 7 survivors (7168K)
 Metaspace       used 24583K, committed 24960K, reserved 1114112K
  class space    used 3082K, committed 3264K, reserved 1048576K
}
Event: 5.131 GC heap after
{Heap after GC invocations=6 (full 0):
 garbage-first heap   total 55296K, used 16666K [0x0000000089600000, 0x0000000100000000)
  region size 1024K, 3 young (3072K), 3 survivors (3072K)
 Metaspace       used 24583K, committed 24960K, reserved 1114112K
  class space    used 3082K, committed 3264K, reserved 1048576K
}
Event: 6.894 GC heap before
{Heap before GC invocations=6 (full 0):
 garbage-first heap   total 55296K, used 42266K [0x0000000089600000, 0x0000000100000000)
  region size 1024K, 28 young (28672K), 3 survivors (3072K)
 Metaspace       used 29072K, committed 29568K, reserved 1114112K
  class space    used 3726K, committed 3968K, reserved 1048576K
}
Event: 6.911 GC heap after
{Heap after GC invocations=7 (full 0):
 garbage-first heap   total 55296K, used 19226K [0x0000000089600000, 0x0000000100000000)
  region size 1024K, 3 young (3072K), 3 survivors (3072K)
 Metaspace       used 29072K, committed 29568K, reserved 1114112K
  class space    used 3726K, committed 3968K, reserved 1048576K
}
Event: 8.679 GC heap before
{Heap before GC invocations=7 (full 0):
 garbage-first heap   total 55296K, used 43802K [0x0000000089600000, 0x0000000100000000)
  region size 1024K, 28 young (28672K), 3 survivors (3072K)
 Metaspace       used 34954K, committed 35520K, reserved 1114112K
  class space    used 4441K, committed 4672K, reserved 1048576K
}
Event: 8.697 GC heap after
{Heap after GC invocations=8 (full 0):
 garbage-first heap   total 55296K, used 21575K [0x0000000089600000, 0x0000000100000000)
  region size 1024K, 3 young (3072K), 3 survivors (3072K)
 Metaspace       used 34954K, committed 35520K, reserved 1114112K
  class space    used 4441K, committed 4672K, reserved 1048576K
}
Event: 9.038 GC heap before
{Heap before GC invocations=8 (full 0):
 garbage-first heap   total 55296K, used 23623K [0x0000000089600000, 0x0000000100000000)
  region size 1024K, 6 young (6144K), 3 survivors (3072K)
 Metaspace       used 35692K, committed 36160K, reserved 1114112K
  class space    used 4531K, committed 4736K, reserved 1048576K
}
Event: 9.046 GC heap after
{Heap after GC invocations=9 (full 0):
 garbage-first heap   total 66560K, used 22233K [0x0000000089600000, 0x0000000100000000)
  region size 1024K, 1 young (1024K), 1 survivors (1024K)
 Metaspace       used 35692K, committed 36160K, reserved 1114112K
  class space    used 4531K, committed 4736K, reserved 1048576K
}
Event: 11.632 GC heap before
{Heap before GC invocations=10 (full 0):
 garbage-first heap   total 66560K, used 51929K [0x0000000089600000, 0x0000000100000000)
  region size 1024K, 31 young (31744K), 1 survivors (1024K)
 Metaspace       used 43579K, committed 44160K, reserved 1114112K
  class space    used 5724K, committed 5952K, reserved 1048576K
}
Event: 11.637 GC heap after
{Heap after GC invocations=11 (full 0):
 garbage-first heap   total 66560K, used 24539K [0x0000000089600000, 0x0000000100000000)
  region size 1024K, 3 young (3072K), 3 survivors (3072K)
 Metaspace       used 43579K, committed 44160K, reserved 1114112K
  class space    used 5724K, committed 5952K, reserved 1048576K
}
Event: 12.609 GC heap before
{Heap before GC invocations=11 (full 0):
 garbage-first heap   total 66560K, used 54235K [0x0000000089600000, 0x0000000100000000)
  region size 1024K, 32 young (32768K), 3 survivors (3072K)
 Metaspace       used 51649K, committed 52224K, reserved 1114112K
  class space    used 6847K, committed 7104K, reserved 1048576K
}
Event: 12.622 GC heap after
{Heap after GC invocations=12 (full 0):
 garbage-first heap   total 66560K, used 25934K [0x0000000089600000, 0x0000000100000000)
  region size 1024K, 2 young (2048K), 2 survivors (2048K)
 Metaspace       used 51649K, committed 52224K, reserved 1114112K
  class space    used 6847K, committed 7104K, reserved 1048576K
}
Event: 13.718 GC heap before
{Heap before GC invocations=12 (full 0):
 garbage-first heap   total 66560K, used 55630K [0x0000000089600000, 0x0000000100000000)
  region size 1024K, 31 young (31744K), 2 survivors (2048K)
 Metaspace       used 57737K, committed 58368K, reserved 1114112K
  class space    used 7766K, committed 8064K, reserved 1048576K
}
Event: 13.728 GC heap after
{Heap after GC invocations=13 (full 0):
 garbage-first heap   total 66560K, used 26970K [0x0000000089600000, 0x0000000100000000)
  region size 1024K, 3 young (3072K), 3 survivors (3072K)
 Metaspace       used 57737K, committed 58368K, reserved 1114112K
  class space    used 7766K, committed 8064K, reserved 1048576K
}
Event: 22.733 GC heap before
{Heap before GC invocations=13 (full 0):
 garbage-first heap   total 66560K, used 38234K [0x0000000089600000, 0x0000000100000000)
  region size 1024K, 15 young (15360K), 3 survivors (3072K)
 Metaspace       used 60317K, committed 60928K, reserved 1114112K
  class space    used 8100K, committed 8384K, reserved 1048576K
}
Event: 22.741 GC heap after
{Heap after GC invocations=14 (full 0):
 garbage-first heap   total 66560K, used 27665K [0x0000000089600000, 0x0000000100000000)
  region size 1024K, 2 young (2048K), 2 survivors (2048K)
 Metaspace       used 60317K, committed 60928K, reserved 1114112K
  class space    used 8100K, committed 8384K, reserved 1048576K
}
Event: 24.487 GC heap before
{Heap before GC invocations=15 (full 0):
 garbage-first heap   total 66560K, used 57361K [0x0000000089600000, 0x0000000100000000)
  region size 1024K, 31 young (31744K), 2 survivors (2048K)
 Metaspace       used 65115K, committed 65792K, reserved 1114112K
  class space    used 8797K, committed 9088K, reserved 1048576K
}
Event: 24.494 GC heap after
{Heap after GC invocations=16 (full 0):
 garbage-first heap   total 66560K, used 30073K [0x0000000089600000, 0x0000000100000000)
  region size 1024K, 4 young (4096K), 4 survivors (4096K)
 Metaspace       used 65115K, committed 65792K, reserved 1114112K
  class space    used 8797K, committed 9088K, reserved 1048576K
}
Event: 26.221 GC heap before
{Heap before GC invocations=16 (full 0):
 garbage-first heap   total 66560K, used 57721K [0x0000000089600000, 0x0000000100000000)
  region size 1024K, 31 young (31744K), 4 survivors (4096K)
 Metaspace       used 68448K, committed 69184K, reserved 1114112K
  class space    used 9269K, committed 9600K, reserved 1048576K
}
Event: 26.232 GC heap after
{Heap after GC invocations=17 (full 0):
 garbage-first heap   total 67584K, used 33193K [0x0000000089600000, 0x0000000100000000)
  region size 1024K, 4 young (4096K), 4 survivors (4096K)
 Metaspace       used 68448K, committed 69184K, reserved 1114112K
  class space    used 9269K, committed 9600K, reserved 1048576K
}

Dll operation events (14 events):
Event: 0.015 Loaded shared library C:\Program Files\Java\jdk-21\bin\java.dll
Event: 0.074 Loaded shared library C:\Program Files\Java\jdk-21\bin\jsvml.dll
Event: 0.265 Loaded shared library C:\Program Files\Java\jdk-21\bin\zip.dll
Event: 0.279 Loaded shared library C:\Program Files\Java\jdk-21\bin\instrument.dll
Event: 0.289 Loaded shared library C:\Program Files\Java\jdk-21\bin\net.dll
Event: 0.292 Loaded shared library C:\Program Files\Java\jdk-21\bin\nio.dll
Event: 0.298 Loaded shared library C:\Program Files\Java\jdk-21\bin\zip.dll
Event: 0.678 Loaded shared library C:\Program Files\JetBrains\IntelliJ IDEA Community Edition 2024.3.1.1\bin\breakgen64.dll
Event: 0.695 Loaded shared library C:\Program Files\Java\jdk-21\bin\extnet.dll
Event: 0.735 Loaded shared library C:\Program Files\Java\jdk-21\bin\verify.dll
Event: 0.748 Loaded shared library C:\Program Files\Java\jdk-21\bin\jimage.dll
Event: 3.926 Loaded shared library C:\Program Files\Java\jdk-21\bin\sunmscapi.dll
Event: 7.632 Loaded shared library C:\Program Files\Java\jdk-21\bin\management.dll
Event: 7.635 Loaded shared library C:\Program Files\Java\jdk-21\bin\management_ext.dll

Deoptimization events (20 events):
Event: 26.692 Thread 0x0000018b0b314d60 DEOPT PACKING pc=0x0000018b1b6218f0 sp=0x00000016227fe610
Event: 26.692 Thread 0x0000018b0b314d60 DEOPT UNPACKING pc=0x0000018b1ad146a2 sp=0x00000016227fe648 mode 2
Event: 26.692 Thread 0x0000018b0b314d60 Uncommon trap: trap_request=0xffffffde fr.pc=0x0000018b1b6218f0 relative=0x00000000000042f0
Event: 26.692 Thread 0x0000018b0b314d60 Uncommon trap: reason=class_check action=maybe_recompile pc=0x0000018b1b6218f0 method=org.springframework.core.ResolvableType.resolveType()Lorg/springframework/core/ResolvableType; @ 44 c2
Event: 26.692 Thread 0x0000018b0b314d60 DEOPT PACKING pc=0x0000018b1b6218f0 sp=0x00000016227fe610
Event: 26.692 Thread 0x0000018b0b314d60 DEOPT UNPACKING pc=0x0000018b1ad146a2 sp=0x00000016227fe648 mode 2
Event: 26.692 Thread 0x0000018b0b314d60 Uncommon trap: trap_request=0xffffffde fr.pc=0x0000018b1b6218f0 relative=0x00000000000042f0
Event: 26.692 Thread 0x0000018b0b314d60 Uncommon trap: reason=class_check action=maybe_recompile pc=0x0000018b1b6218f0 method=org.springframework.core.ResolvableType.resolveType()Lorg/springframework/core/ResolvableType; @ 44 c2
Event: 26.692 Thread 0x0000018b0b314d60 DEOPT PACKING pc=0x0000018b1b6218f0 sp=0x00000016227fe5c0
Event: 26.692 Thread 0x0000018b0b314d60 DEOPT UNPACKING pc=0x0000018b1ad146a2 sp=0x00000016227fe5f8 mode 2
Event: 40.610 Thread 0x0000018b6df6f1a0 DEOPT PACKING pc=0x0000018b14097bb0 sp=0x00000016244fc8a0
Event: 40.610 Thread 0x0000018b6df6f1a0 DEOPT UNPACKING pc=0x0000018b1ad14e42 sp=0x00000016244fbd58 mode 0
Event: 40.755 Thread 0x0000018b6df6f1a0 Uncommon trap: trap_request=0xffffff45 fr.pc=0x0000018b1b40adb8 relative=0x0000000000000218
Event: 40.755 Thread 0x0000018b6df6f1a0 Uncommon trap: reason=unstable_if action=reinterpret pc=0x0000018b1b40adb8 method=java.lang.String.indexOf(Ljava/lang/String;)I @ 10 c2
Event: 40.755 Thread 0x0000018b6df6f1a0 DEOPT PACKING pc=0x0000018b1b40adb8 sp=0x00000016244fd950
Event: 40.755 Thread 0x0000018b6df6f1a0 DEOPT UNPACKING pc=0x0000018b1ad146a2 sp=0x00000016244fd888 mode 2
Event: 40.755 Thread 0x0000018b6df6f1a0 Uncommon trap: trap_request=0xffffff45 fr.pc=0x0000018b1b32b684 relative=0x00000000000001e4
Event: 40.755 Thread 0x0000018b6df6f1a0 Uncommon trap: reason=unstable_if action=reinterpret pc=0x0000018b1b32b684 method=java.lang.String.indexOf(Ljava/lang/String;)I @ 10 c2
Event: 40.755 Thread 0x0000018b6df6f1a0 DEOPT PACKING pc=0x0000018b1b32b684 sp=0x00000016244fd8e0
Event: 40.755 Thread 0x0000018b6df6f1a0 DEOPT UNPACKING pc=0x0000018b1ad146a2 sp=0x00000016244fd880 mode 2

Classes loaded (20 events):
Event: 40.094 Loading class sun/nio/ch/SocketAdaptor
Event: 40.095 Loading class sun/nio/ch/SocketAdaptor done
Event: 40.096 Loading class sun/nio/ch/SocketChannelImpl$DefaultOptionsHolder
Event: 40.096 Loading class sun/nio/ch/SocketChannelImpl$DefaultOptionsHolder done
Event: 40.099 Loading class sun/nio/ch/SelectionKeyImpl
Event: 40.100 Loading class java/nio/channels/spi/AbstractSelectionKey
Event: 40.100 Loading class java/nio/channels/SelectionKey
Event: 40.100 Loading class java/nio/channels/SelectionKey done
Event: 40.100 Loading class java/nio/channels/spi/AbstractSelectionKey done
Event: 40.100 Loading class sun/nio/ch/SelectionKeyImpl done
Event: 40.101 Loading class java/lang/invoke/ConstantBootstraps
Event: 40.101 Loading class java/lang/invoke/ConstantBootstraps done
Event: 40.243 Loading class sun/nio/cs/ThreadLocalCoders
Event: 40.244 Loading class sun/nio/cs/ThreadLocalCoders done
Event: 40.244 Loading class sun/nio/cs/ThreadLocalCoders$1
Event: 40.245 Loading class sun/nio/cs/ThreadLocalCoders$Cache
Event: 40.245 Loading class sun/nio/cs/ThreadLocalCoders$Cache done
Event: 40.245 Loading class sun/nio/cs/ThreadLocalCoders$1 done
Event: 40.245 Loading class sun/nio/cs/ThreadLocalCoders$2
Event: 40.245 Loading class sun/nio/cs/ThreadLocalCoders$2 done

Classes unloaded (0 events):
No events

Classes redefined (0 events):
No events

Internal exceptions (20 events):
Event: 23.194 Thread 0x0000018b0b314d60 Exception <a 'java/lang/IncompatibleClassChangeError'{0x000000008cd48328}: Found class java.lang.Object, but interface was expected> (0x000000008cd48328) 
thrown [s\open\src\hotspot\share\interpreter\linkResolver.cpp, line 840]
Event: 23.320 Thread 0x0000018b0b314d60 Exception <a 'java/lang/IncompatibleClassChangeError'{0x000000008cbeb328}: Found class java.lang.Object, but interface was expected> (0x000000008cbeb328) 
thrown [s\open\src\hotspot\share\interpreter\linkResolver.cpp, line 840]
Event: 23.321 Thread 0x0000018b0b314d60 Exception <a 'java/lang/IncompatibleClassChangeError'{0x000000008cbf0880}: Found class java.lang.Object, but interface was expected> (0x000000008cbf0880) 
thrown [s\open\src\hotspot\share\interpreter\linkResolver.cpp, line 840]
Event: 23.776 Thread 0x0000018b0b314d60 Exception <a 'java/lang/NoSuchMethodError'{0x000000008c5c4308}: 'long java.lang.invoke.DirectMethodHandle$Holder.invokeVirtual(java.lang.Object, java.lang.Object)'> (0x000000008c5c4308) 
thrown [s\open\src\hotspot\share\interpreter\linkResolver.cpp, line 773]
Event: 23.854 Thread 0x0000018b0b314d60 Exception <a 'java/lang/NoSuchMethodError'{0x000000008c4685b0}: 'void java.lang.invoke.Invokers$Holder.invokeExact_MT(java.lang.Object, java.lang.Object, java.lang.Object, java.lang.Object)'> (0x000000008c4685b0) 
thrown [s\open\src\hotspot\share\interpreter\linkResolver.cpp, line 773]
Event: 24.120 Thread 0x0000018b0b314d60 Exception <a 'java/lang/NoSuchMethodError'{0x000000008bf3a508}: 'int java.lang.invoke.DirectMethodHandle$Holder.invokeStaticInit(java.lang.Object, int, java.lang.Object, java.lang.Object, java.lang.Object, java.lang.Object)'> (0x000000008bf3a508) 
thrown [s\open\src\hotspot\share\interpreter\linkResolver.cpp, line 773]
Event: 24.265 Thread 0x0000018b0b314d60 Implicit null exception at 0x0000018b1b45b700 to 0x0000018b1b45b89c
Event: 24.363 Thread 0x0000018b0b314d60 Exception <a 'java/io/FileNotFoundException'{0x000000008bca7840}> (0x000000008bca7840) 
thrown [s\open\src\hotspot\share\prims\jni.cpp, line 520]
Event: 24.364 Thread 0x0000018b0b314d60 Exception <a 'java/io/FileNotFoundException'{0x000000008bcb16a8}> (0x000000008bcb16a8) 
thrown [s\open\src\hotspot\share\prims\jni.cpp, line 520]
Event: 24.594 Thread 0x0000018b0b314d60 Exception <a 'java/lang/NoSuchMethodError'{0x000000008ef8f0a8}: 'java.lang.Object java.lang.invoke.DirectMethodHandle$Holder.newInvokeSpecial(java.lang.Object, java.lang.Object, java.lang.Object, java.lang.Object, java.lang.Object, java.lang.Object, java.lang.Object, java.lang.Object)'> (0x000000008ef8f0a8) 
thrown [s\open\src\hotspot\share\interpreter\linkResolver.cpp, line 773]
Event: 25.767 Thread 0x0000018b0b314d60 Exception <a 'java/lang/IncompatibleClassChangeError'{0x000000008c32a148}: Found class java.lang.Object, but interface was expected> (0x000000008c32a148) 
thrown [s\open\src\hotspot\share\interpreter\linkResolver.cpp, line 840]
Event: 26.067 Thread 0x0000018b0b314d60 Exception <a 'java/lang/NoSuchMethodError'{0x000000008be07f08}: 'java.lang.Object java.lang.invoke.DirectMethodHandle$Holder.invokeInterface(java.lang.Object, java.lang.Object, java.lang.Object, java.lang.Object)'> (0x000000008be07f08) 
thrown [s\open\src\hotspot\share\interpreter\linkResolver.cpp, line 773]
Event: 26.202 Thread 0x0000018b0b314d60 Exception <a 'java/lang/NoSuchMethodError'{0x000000008bc4cc20}: 'void java.lang.invoke.DirectMethodHandle$Holder.invokeVirtual(java.lang.Object, java.lang.Object, long)'> (0x000000008bc4cc20) 
thrown [s\open\src\hotspot\share\interpreter\linkResolver.cpp, line 773]
Event: 26.301 Thread 0x0000018b0b314d60 Exception <a 'java/lang/NoSuchMethodError'{0x000000008f1a05d8}: 'int java.lang.invoke.DirectMethodHandle$Holder.invokeStaticInit(java.lang.Object, java.lang.Object, java.lang.Object, java.lang.Object)'> (0x000000008f1a05d8) 
thrown [s\open\src\hotspot\share\interpreter\linkResolver.cpp, line 773]
Event: 26.342 Thread 0x0000018b0b314d60 Exception <a 'java/lang/NoSuchMethodError'{0x000000008f0de4e0}: 'java.lang.Object java.lang.invoke.Invokers$Holder.invoke_MT(java.lang.Object, java.lang.Object, java.lang.Object, java.lang.Object, java.lang.Object, java.lang.Object, java.lang.Object, java.lang.Object, java.lang.Object)'> (0x000000008f0de4e0) 
thrown [s\open\src\hotspot\share\interpreter\linkResolver.cpp, line 773]
Event: 26.372 Thread 0x0000018b0b314d60 Exception <a 'java/lang/IncompatibleClassChangeError'{0x000000008ef91bc0}: Found class java.lang.Object, but interface was expected> (0x000000008ef91bc0) 
thrown [s\open\src\hotspot\share\interpreter\linkResolver.cpp, line 840]
Event: 26.443 Thread 0x0000018b0b314d60 Exception <a 'java/lang/NoSuchMethodError'{0x000000008edcfa78}: 'java.lang.Object java.lang.invoke.Invokers$Holder.invoke_MT(java.lang.Object, java.lang.Object, java.lang.Object, java.lang.Object, java.lang.Object, java.lang.Object, java.lang.Object, java.lang.Object, java.lang.Object, java.lang.Object, java.lang.Object)'> (0x000000008edcfa78) 
thrown [s\open\src\hotspot\share\interpreter\linkResolver.cpp, line 773]
Event: 26.575 Thread 0x0000018b0b314d60 Exception <a 'java/lang/NoSuchMethodError'{0x000000008ce4e070}: 'java.lang.Object java.lang.invoke.DirectMethodHandle$Holder.newInvokeSpecial(java.lang.Object, java.lang.Object, int, java.lang.Object, java.lang.Object)'> (0x000000008ce4e070) 
thrown [s\open\src\hotspot\share\interpreter\linkResolver.cpp, line 773]
Event: 40.216 Thread 0x0000018b6df6f1a0 Exception <a 'java/lang/NoSuchMethodError'{0x000000008ca290a8}: 'java.lang.Object java.lang.invoke.DirectMethodHandle$Holder.invokeSpecial(java.lang.Object, java.lang.Object, java.lang.Object, java.lang.Object, java.lang.Object, long)'> (0x000000008ca290a8) 
thrown [s\open\src\hotspot\share\interpreter\linkResolver.cpp, line 773]
Event: 40.217 Thread 0x0000018b6df6f1a0 Exception <a 'java/lang/NoSuchMethodError'{0x000000008ca2c820}: 'java.lang.Object java.lang.invoke.Invokers$Holder.linkToTargetMethod(java.lang.Object, java.lang.Object, java.lang.Object, long, java.lang.Object)'> (0x000000008ca2c820) 
thrown [s\open\src\hotspot\share\interpreter\linkResolver.cpp, line 773]

ZGC Phase Switch (0 events):
No events

VM Operations (20 events):
Event: 25.372 Executing VM operation: HandshakeAllThreads (Deoptimize)
Event: 25.372 Executing VM operation: HandshakeAllThreads (Deoptimize) done
Event: 25.420 Executing VM operation: HandshakeAllThreads (Deoptimize)
Event: 25.420 Executing VM operation: HandshakeAllThreads (Deoptimize) done
Event: 25.421 Executing VM operation: HandshakeAllThreads (Deoptimize)
Event: 25.421 Executing VM operation: HandshakeAllThreads (Deoptimize) done
Event: 26.221 Executing VM operation: G1CollectForAllocation (G1 Evacuation Pause)
Event: 26.233 Executing VM operation: G1CollectForAllocation (G1 Evacuation Pause) done
Event: 26.257 Executing VM operation: HandshakeAllThreads (Deoptimize)
Event: 26.257 Executing VM operation: HandshakeAllThreads (Deoptimize) done
Event: 27.260 Executing VM operation: Cleanup
Event: 27.260 Executing VM operation: Cleanup done
Event: 40.096 Executing VM operation: HandshakeAllThreads (Deoptimize)
Event: 40.096 Executing VM operation: HandshakeAllThreads (Deoptimize) done
Event: 40.309 Executing VM operation: HandshakeAllThreads (Deoptimize)
Event: 40.309 Executing VM operation: HandshakeAllThreads (Deoptimize) done
Event: 40.309 Executing VM operation: Cleanup
Event: 40.309 Executing VM operation: Cleanup done
Event: 40.311 Executing VM operation: HandshakeAllThreads (Deoptimize)
Event: 40.311 Executing VM operation: HandshakeAllThreads (Deoptimize) done

Events (20 events):
Event: 22.833 Thread 0x0000018b2715a520 flushing nmethod 0x0000018b14010b90
Event: 22.833 Thread 0x0000018b2715a520 flushing nmethod 0x0000018b140aee90
Event: 23.833 Thread 0x0000018b6f672640 Thread added: 0x0000018b6f672640
Event: 23.837 Thread 0x0000018b6de4f290 Thread added: 0x0000018b6de4f290
Event: 23.843 Thread 0x0000018b6df6e480 Thread added: 0x0000018b6df6e480
Event: 26.612 Thread 0x0000018b6df6f1a0 Thread added: 0x0000018b6df6f1a0
Event: 26.612 Thread 0x0000018b6df6ca40 Thread added: 0x0000018b6df6ca40
Event: 26.612 Thread 0x0000018b71a0eb50 Thread added: 0x0000018b71a0eb50
Event: 26.612 Thread 0x0000018b71a0ff00 Thread added: 0x0000018b71a0ff00
Event: 26.612 Thread 0x0000018b71a10590 Thread added: 0x0000018b71a10590
Event: 26.613 Thread 0x0000018b71a10c20 Thread added: 0x0000018b71a10c20
Event: 26.613 Thread 0x0000018b71a112b0 Thread added: 0x0000018b71a112b0
Event: 26.613 Thread 0x0000018b71a0f1e0 Thread added: 0x0000018b71a0f1e0
Event: 26.613 Thread 0x0000018b71a0de30 Thread added: 0x0000018b71a0de30
Event: 26.614 Thread 0x0000018b71a0f870 Thread added: 0x0000018b71a0f870
Event: 26.647 Thread 0x0000018b71a0e4c0 Thread added: 0x0000018b71a0e4c0
Event: 26.657 Thread 0x0000018b70ddcff0 Thread added: 0x0000018b70ddcff0
Event: 26.700 Thread 0x0000018b0b314d60 Thread exited: 0x0000018b0b314d60
Event: 26.701 Thread 0x0000018b70dda890 Thread added: 0x0000018b70dda890
Event: 29.709 Thread 0x0000018b6deeb980 Thread exited: 0x0000018b6deeb980


Dynamic libraries:
0x00007ff6f6150000 - 0x00007ff6f6160000 	C:\Program Files\Java\jdk-21\bin\java.exe
0x00007ffc7c4b0000 - 0x00007ffc7c6a8000 	C:\Windows\SYSTEM32\ntdll.dll
0x00007ffc7abe0000 - 0x00007ffc7aca2000 	C:\Windows\System32\KERNEL32.DLL
0x00007ffc79f70000 - 0x00007ffc7a26f000 	C:\Windows\System32\KERNELBASE.dll
0x00007ffc7a2a0000 - 0x00007ffc7a3a0000 	C:\Windows\System32\ucrtbase.dll
0x00007ffc4ec70000 - 0x00007ffc4ec8b000 	C:\Program Files\Java\jdk-21\bin\VCRUNTIME140.dll
0x00007ffc4fb20000 - 0x00007ffc4fb39000 	C:\Program Files\Java\jdk-21\bin\jli.dll
0x00007ffc7bfa0000 - 0x00007ffc7c051000 	C:\Windows\System32\ADVAPI32.dll
0x00007ffc7c2a0000 - 0x00007ffc7c33e000 	C:\Windows\System32\msvcrt.dll
0x00007ffc7ab10000 - 0x00007ffc7abaf000 	C:\Windows\System32\sechost.dll
0x00007ffc7acb0000 - 0x00007ffc7add3000 	C:\Windows\System32\RPCRT4.dll
0x00007ffc7a440000 - 0x00007ffc7a467000 	C:\Windows\System32\bcrypt.dll
0x00007ffc7a830000 - 0x00007ffc7a9cd000 	C:\Windows\System32\USER32.dll
0x00007ffc7a270000 - 0x00007ffc7a292000 	C:\Windows\System32\win32u.dll
0x00007ffc7abb0000 - 0x00007ffc7abdb000 	C:\Windows\System32\GDI32.dll
0x00007ffc66020000 - 0x00007ffc662ba000 	C:\Windows\WinSxS\amd64_microsoft.windows.common-controls_6595b64144ccf1df_6.0.19041.4355_none_60b8b9eb71f62e16\COMCTL32.dll
0x00007ffc79b40000 - 0x00007ffc79c57000 	C:\Windows\System32\gdi32full.dll
0x00007ffc7a3a0000 - 0x00007ffc7a43d000 	C:\Windows\System32\msvcp_win.dll
0x00007ffc70bc0000 - 0x00007ffc70bca000 	C:\Windows\SYSTEM32\VERSION.dll
0x00007ffc7c270000 - 0x00007ffc7c29f000 	C:\Windows\System32\IMM32.DLL
0x00007ffc60f60000 - 0x00007ffc60f6c000 	C:\Program Files\Java\jdk-21\bin\vcruntime140_1.dll
0x00007ffc39210000 - 0x00007ffc3929e000 	C:\Program Files\Java\jdk-21\bin\msvcp140.dll
0x00007ffc08760000 - 0x00007ffc09473000 	C:\Program Files\Java\jdk-21\bin\server\jvm.dll
0x00007ffc7b780000 - 0x00007ffc7b7eb000 	C:\Windows\System32\WS2_32.dll
0x00007ffc799a0000 - 0x00007ffc799eb000 	C:\Windows\SYSTEM32\POWRPROF.dll
0x00007ffc62bf0000 - 0x00007ffc62c17000 	C:\Windows\SYSTEM32\WINMM.dll
0x00007ffc79980000 - 0x00007ffc79992000 	C:\Windows\SYSTEM32\UMPDC.dll
0x00007ffc779c0000 - 0x00007ffc779d2000 	C:\Windows\SYSTEM32\kernel.appcore.dll
0x00007ffc57190000 - 0x00007ffc5719a000 	C:\Program Files\Java\jdk-21\bin\jimage.dll
0x00007ffc68090000 - 0x00007ffc68274000 	C:\Windows\SYSTEM32\DBGHELP.DLL
0x00007ffc55a30000 - 0x00007ffc55a64000 	C:\Windows\SYSTEM32\dbgcore.DLL
0x00007ffc79e30000 - 0x00007ffc79eb2000 	C:\Windows\System32\bcryptPrimitives.dll
0x00007ffc56d60000 - 0x00007ffc56d6f000 	C:\Program Files\Java\jdk-21\bin\instrument.dll
0x00007ffc4da00000 - 0x00007ffc4da1f000 	C:\Program Files\Java\jdk-21\bin\java.dll
0x00007ffc7b010000 - 0x00007ffc7b77e000 	C:\Windows\System32\SHELL32.dll
0x00007ffc77bc0000 - 0x00007ffc78364000 	C:\Windows\SYSTEM32\windows.storage.dll
0x00007ffc7a4d0000 - 0x00007ffc7a825000 	C:\Windows\System32\combase.dll
0x00007ffc79500000 - 0x00007ffc7952f000 	C:\Windows\SYSTEM32\Wldp.dll
0x00007ffc7bed0000 - 0x00007ffc7bf9d000 	C:\Windows\System32\OLEAUT32.dll
0x00007ffc7a9d0000 - 0x00007ffc7aa7d000 	C:\Windows\System32\SHCORE.dll
0x00007ffc7be60000 - 0x00007ffc7beb5000 	C:\Windows\System32\shlwapi.dll
0x00007ffc79a70000 - 0x00007ffc79a94000 	C:\Windows\SYSTEM32\profapi.dll
0x00007ffc39130000 - 0x00007ffc39207000 	C:\Program Files\Java\jdk-21\bin\jsvml.dll
0x00007ffc460c0000 - 0x00007ffc460d8000 	C:\Program Files\Java\jdk-21\bin\zip.dll
0x00007ffc52fc0000 - 0x00007ffc52fd0000 	C:\Program Files\Java\jdk-21\bin\net.dll
0x00007ffc646a0000 - 0x00007ffc647ad000 	C:\Windows\SYSTEM32\WINHTTP.dll
0x00007ffc79260000 - 0x00007ffc792ca000 	C:\Windows\system32\mswsock.dll
0x00007ffc4b180000 - 0x00007ffc4b196000 	C:\Program Files\Java\jdk-21\bin\nio.dll
0x00007ffc45d50000 - 0x00007ffc45d6a000 	C:\Program Files\JetBrains\IntelliJ IDEA Community Edition 2024.3.1.1\bin\breakgen64.dll
0x00007ffc4f960000 - 0x00007ffc4f969000 	C:\Program Files\Java\jdk-21\bin\extnet.dll
0x00007ffc4ef60000 - 0x00007ffc4ef70000 	C:\Program Files\Java\jdk-21\bin\verify.dll
0x00007ffc4ec40000 - 0x00007ffc4ec4e000 	C:\Program Files\Java\jdk-21\bin\sunmscapi.dll
0x00007ffc79c60000 - 0x00007ffc79dbc000 	C:\Windows\System32\CRYPT32.dll
0x00007ffc79570000 - 0x00007ffc79597000 	C:\Windows\SYSTEM32\ncrypt.dll
0x00007ffc79530000 - 0x00007ffc7956b000 	C:\Windows\SYSTEM32\NTASN1.dll
0x00007ffc79450000 - 0x00007ffc79468000 	C:\Windows\SYSTEM32\CRYPTSP.dll
0x00007ffc78b80000 - 0x00007ffc78bb4000 	C:\Windows\system32\rsaenh.dll
0x00007ffc79a30000 - 0x00007ffc79a5e000 	C:\Windows\SYSTEM32\USERENV.dll
0x00007ffc79470000 - 0x00007ffc7947c000 	C:\Windows\SYSTEM32\CRYPTBASE.dll
0x00007ffc78f40000 - 0x00007ffc78f7b000 	C:\Windows\SYSTEM32\IPHLPAPI.DLL
0x00007ffc7a4c0000 - 0x00007ffc7a4c8000 	C:\Windows\System32\NSI.dll
0x00007ffc4e980000 - 0x00007ffc4e98a000 	C:\Program Files\Java\jdk-21\bin\management.dll
0x00007ffc4c770000 - 0x00007ffc4c77b000 	C:\Program Files\Java\jdk-21\bin\management_ext.dll
0x00007ffc7bec0000 - 0x00007ffc7bec8000 	C:\Windows\System32\PSAPI.DLL
0x00007ffc78f80000 - 0x00007ffc7904a000 	C:\Windows\SYSTEM32\DNSAPI.dll
0x00007ffc6e4a0000 - 0x00007ffc6e4aa000 	C:\Windows\System32\rasadhlp.dll
0x00007ffc63470000 - 0x00007ffc634f0000 	C:\Windows\System32\fwpuclnt.dll
0x00007ffc51450000 - 0x00007ffc51457000 	C:\Windows\system32\wshunix.dll

dbghelp: loaded successfully - version: 4.0.5 - missing functions: none
symbol engine: initialized successfully - sym options: 0x614 - pdb path: .;C:\Program Files\Java\jdk-21\bin;C:\Windows\SYSTEM32;C:\Windows\WinSxS\amd64_microsoft.windows.common-controls_6595b64144ccf1df_6.0.19041.4355_none_60b8b9eb71f62e16;C:\Program Files\Java\jdk-21\bin\server;C:\Program Files\JetBrains\IntelliJ IDEA Community Edition 2024.3.1.1\bin

VM Arguments:
jvm_args: -javaagent:C:\Program Files\JetBrains\IntelliJ IDEA Community Edition 2024.3.1.1\lib\idea_rt.jar=58171:C:\Program Files\JetBrains\IntelliJ IDEA Community Edition 2024.3.1.1\bin -Dfile.encoding=UTF-8 -Dsun.stdout.encoding=UTF-8 -Dsun.stderr.encoding=UTF-8 
java_command: com.project.e_commerce.ECommerceApplication
java_class_path (initial): E:\Aditya Project\JAVA\e-commerce\target\classes;C:\Users\HP\.m2\repository\org\springframework\boot\spring-boot-starter-data-jpa\3.4.1\spring-boot-starter-data-jpa-3.4.1.jar;C:\Users\HP\.m2\repository\org\springframework\boot\spring-boot-starter\3.4.1\spring-boot-starter-3.4.1.jar;C:\Users\HP\.m2\repository\org\springframework\boot\spring-boot\3.4.1\spring-boot-3.4.1.jar;C:\Users\HP\.m2\repository\org\springframework\boot\spring-boot-autoconfigure\3.4.1\spring-boot-autoconfigure-3.4.1.jar;C:\Users\HP\.m2\repository\org\springframework\boot\spring-boot-starter-logging\3.4.1\spring-boot-starter-logging-3.4.1.jar;C:\Users\HP\.m2\repository\ch\qos\logback\logback-classic\1.5.12\logback-classic-1.5.12.jar;C:\Users\HP\.m2\repository\ch\qos\logback\logback-core\1.5.12\logback-core-1.5.12.jar;C:\Users\HP\.m2\repository\org\apache\logging\log4j\log4j-to-slf4j\2.24.3\log4j-to-slf4j-2.24.3.jar;C:\Users\HP\.m2\repository\org\apache\logging\log4j\log4j-api\2.24.3\log4j-api-2.24.3.jar;C:\Users\HP\.m2\repository\org\slf4j\jul-to-slf4j\2.0.16\jul-to-slf4j-2.0.16.jar;C:\Users\HP\.m2\repository\jakarta\annotation\jakarta.annotation-api\2.1.1\jakarta.annotation-api-2.1.1.jar;C:\Users\HP\.m2\repository\org\yaml\snakeyaml\2.3\snakeyaml-2.3.jar;C:\Users\HP\.m2\repository\org\springframework\boot\spring-boot-starter-jdbc\3.4.1\spring-boot-starter-jdbc-3.4.1.jar;C:\Users\HP\.m2\repository\com\zaxxer\HikariCP\5.1.0\HikariCP-5.1.0.jar;C:\Users\HP\.m2\repository\org\springframework\spring-jdbc\6.2.1\spring-jdbc-6.2.1.jar;C:\Users\HP\.m2\repository\org\hibernate\orm\hibernate-core\6.6.4.Final\hibernate-core-6.6.4.Final.jar;C:\Users\HP\.m2\repository\jakarta\persistence\jakarta.persistence-api\3.1.0\jakarta.persistence-api-3.1.0.jar;C:\Users\HP\.m2\repository\jakarta\transaction\jakarta.transaction-api\2.0.1\jakarta.transaction-api-2.0.1.jar;C:\Users\HP\.m2\repository\org\jboss\logging\jboss-logging\3.6.1.Final\jboss-logging-3.6.1.Final.jar;C:\Users\HP\.m2\repository\org\hibernate\common\hibernate-commons-annotations\7.0.3.Final\hibernate-commons-annotations-7.0.3.Final.jar;C:\Users\HP\.m2\repository\io\smallrye\jandex\3.2.0\jandex-3.2.0.jar;C:\Users\HP\.m2\repository\com\fasterxml\classmate\1.7.0\classmate-1.7.0.jar;C:\Users\HP\.m2\repository\net\bytebuddy\byte-buddy\1.15.11\byte-buddy-1.15.11.jar;C:\Users\HP\.m2\repository\org\glassfish\jaxb\jaxb-runtime\4.0.5\jaxb-runtime-4.0.5.jar;C:\Users\HP\.m2\repository\org\glassfish\jaxb\jaxb-core\4.0.5\jaxb-core-4.0.5.jar;C:\Users\HP\.m2\repository\org\glassfish\jaxb\txw2\4.0.5\txw2-4.0.5.jar;C:\Users\HP\.m2\repository\com\sun\istack\istack-commons-runtime\4.1.2\istack-commons-runtime-4.1.2.jar;C:\Users\HP\.m2\repository\jakarta\inject\jakarta.inject-api\2.0.1\jakarta.inject-api-2.0.1.jar;C:\Users\HP\.m2\repository\org\antlr\antlr4-runtime\4.13.0\antlr4-runtime-4.13.0.jar;C:\Users\HP\.m2\repository\org\springframework\data\spring-data-jpa\3.4.1\spring-data-jpa-3.4.1.jar;C:\Users\HP\.m2\repository\org\springframework\data\spring-data-commons\3.4.1\spring-data-commons-3.4.1.jar;C:\Users\HP\.m2\repository\org\springframework\spring-orm\6.2.1\spring-orm-6.2.1.jar;C:\Users\HP\.m2\repository\org\springframework\spring-context\6.2.1\spring-context-6.2.1.jar;C:\Users\HP\.m2\repository\org\springframework\spring-tx\6.2.1\spring-tx-6.2.1.jar;C:\Users\HP\.m2\repository\org\springframework\spring-beans\6.2.1\spring-beans-6.2.1.jar;C:\Users\HP\.m2\repository\org\slf4j\slf4j-api\2.0.16\slf4j-api-2.0.16.jar;C:\Users\HP\.m2\repository\org\springframework\spring-aspects\6.2.1\spring-aspects-6.2.1.jar;C:\Users\HP\.m2\repository\org\aspectj\aspectjweaver\1.9.22.1\aspectjweaver-1.9.22.1.jar;C:\Users\HP\.m2\repository\org\springframework\boot\spring-boot-starter-security\3.4.1\spring-boot-starter-security-3.4.1.jar;C:\Users\HP\.m2\repository\org\springframework\spring-aop\6.2.1\spring-aop-6.2.1.jar;C:\Users\HP\.m2\repository\org\springframework\security\spring-security-config\6.4.2\spring-security-config-6.4.2.jar;C:\Users\HP\.m2\repository\org\springframework\security\spring-security-web\6.4.2\spring-security-web-6.4.2.jar;C:\Users\HP\.m2\repository\org\springframework\spring-expression\6.2.1\spring-expression-6.2.1.jar;C:\Users\HP\.m2\repository\org\springframework\boot\spring-boot-starter-validation\3.4.1\spring-boot-starter-validation-3.4.1.jar;C:\Users\HP\.m2\repository\org\apache\tomcat\embed\tomcat-embed-el\10.1.34\tomcat-embed-el-10.1.34.jar;C:\Users\HP\.m2\repository\org\hibernate\validator\hibernate-validator\8.0.2.Final\hibernate-validator-8.0.2.Final.jar;C:\Users\HP\.m2\repository\jakarta\validation\jakarta.validation-api\3.0.2\jakarta.validation-api-3.0.2.jar;C:\Users\HP\.m2\repository\org\springframework\boot\spring-boot-starter-web\3.4.1\spring-boot-starter-web-3.4.1.jar;C:\Users\HP\.m2\repository\org\springframework\boot\spring-boot-starter-json\3.4.1\spring-boot-starter-json-3.4.1.jar;C:\Users\HP\.m2\repository\com\fasterxml\jackson\datatype\jackson-datatype-jdk8\2.18.2\jackson-datatype-jdk8-2.18.2.jar;C:\Users\HP\.m2\repository\com\fasterxml\jackson\datatype\jackson-datatype-jsr310\2.18.2\jackson-datatype-jsr310-2.18.2.jar;C:\Users\HP\.m2\repository\com\fasterxml\jackson\module\jackson-module-parameter-names\2.18.2\jackson-module-parameter-names-2.18.2.jar;C:\Users\HP\.m2\repository\org\springframework\boot\spring-boot-starter-tomcat\3.4.1\spring-boot-starter-tomcat-3.4.1.jar;C:\Users\HP\.m2\repository\org\apache\tomcat\embed\tomcat-embed-core\10.1.34\tomcat-embed-core-10.1.34.jar;C:\Users\HP\.m2\repository\org\apache\tomcat\embed\tomcat-embed-websocket\10.1.34\tomcat-embed-websocket-10.1.34.jar;C:\Users\HP\.m2\repository\org\springframework\spring-web\6.2.1\spring-web-6.2.1.jar;C:\Users\HP\.m2\repository\io\micrometer\micrometer-observation\1.14.2\micrometer-observation-1.14.2.jar;C:\Users\HP\.m2\repository\io\micrometer\micrometer-commons\1.14.2\micrometer-commons-1.14.2.jar;C:\Users\HP\.m2\repository\org\springframework\spring-webmvc\6.2.1\spring-webmvc-6.2.1.jar;C:\Users\HP\.m2\repository\com\cloudinary\cloudinary-http44\1.32.2\cloudinary-http44-1.32.2.jar;C:\Users\HP\.m2\repository\com\cloudinary\cloudinary-core\1.32.2\cloudinary-core-1.32.2.jar;C:\Users\HP\.m2\repository\org\apache\commons\commons-lang3\3.17.0\commons-lang3-3.17.0.jar;C:\Users\HP\.m2\repository\org\apache\httpcomponents\httpclient\4.4\httpclient-4.4.jar;C:\Users\HP\.m2\repository\org\apache\httpcomponents\httpcore\4.4.16\httpcore-4.4.16.jar;C:\Users\HP\.m2\repository\commons-logging\commons-logging\1.2\commons-logging-1.2.jar;C:\Users\HP\.m2\repository\commons-codec\commons-codec\1.17.1\commons-codec-1.17.1.jar;C:\Users\HP\.m2\repository\org\apache\httpcomponents\httpmime\4.4\httpmime-4.4.jar;C:\Users\HP\.m2\repository\jakarta\xml\bind\jakarta.xml.bind-api\4.0.2\jakarta.xml.bind-api-4.0.2.jar;C:\Users\HP\.m2\repository\jakarta\activation\jakarta.activation-api\2.1.3\jakarta.activation-api-2.1.3.jar;C:\Users\HP\.m2\repository\org\springframework\spring-core\6.2.1\spring-core-6.2.1.jar;C:\Users\HP\.m2\repository\org\springframework\spring-jcl\6.2.1\spring-jcl-6.2.1.jar;C:\Users\HP\.m2\repository\org\springframework\security\spring-security-core\6.4.2\spring-security-core-6.4.2.jar;C:\Users\HP\.m2\repository\org\springframework\security\spring-security-crypto\6.4.2\spring-security-crypto-6.4.2.jar;C:\Users\HP\.m2\repository\com\mysql\mysql-connector-j\9.1.0\mysql-connector-j-9.1.0.jar;C:\Users\HP\.m2\repository\io\jsonwebtoken\jjwt-api\0.11.5\jjwt-api-0.11.5.jar;C:\Users\HP\.m2\repository\io\jsonwebtoken\jjwt-impl\0.11.5\jjwt-impl-0.11.5.jar;C:\Users\HP\.m2\repository\io\jsonwebtoken\jjwt-jackson\0.11.5\jjwt-jackson-0.11.5.jar;C:\Users\HP\.m2\repository\com\fasterxml\jackson\core\jackson-databind\2.18.2\jackson-databind-2.18.2.jar;C:\Users\HP\.m2\repository\com\fasterxml\jackson\core\jackson-annotations\2.18.2\jackson-annotations-2.18.2.jar;C:\Users\HP\.m2\repository\com\fasterxml\jackson\core\jackson-core\2.18.2\jackson-core-2.18.2.jar;C:\Users\HP\.m2\repository\javax\mail\javax.mail-api\1.6.2\javax.mail-api-1.6.2.jar;C:\Users\HP\.m2\repository\org\springframework\boot\spring-boot-starter-mail\3.4.1\spring-boot-starter-mail-3.4.1.jar;C:\Users\HP\.m2\repository\org\springframework\spring-context-support\6.2.1\spring-context-support-6.2.1.jar;C:\Users\HP\.m2\repository\org\eclipse\angus\jakarta.mail\2.0.3\jakarta.mail-2.0.3.jar;C:\Users\HP\.m2\repository\org\eclipse\angus\angus-activation\2.0.2\angus-activation-2.0.2.jar
Launcher Type: SUN_STANDARD

[Global flags]
     intx CICompilerCount                          = 3                                         {product} {ergonomic}
     uint ConcGCThreads                            = 1                                         {product} {ergonomic}
     uint G1ConcRefinementThreads                  = 4                                         {product} {ergonomic}
   size_t G1HeapRegionSize                         = 1048576                                   {product} {ergonomic}
    uintx GCDrainStackTargetSize                   = 64                                        {product} {ergonomic}
   size_t InitialHeapSize                          = 125829120                                 {product} {ergonomic}
   size_t MarkStackSize                            = 4194304                                   {product} {ergonomic}
   size_t MaxHeapSize                              = 1990197248                                {product} {ergonomic}
   size_t MaxNewSize                               = 1193279488                                {product} {ergonomic}
   size_t MinHeapDeltaBytes                        = 1048576                                   {product} {ergonomic}
   size_t MinHeapSize                              = 8388608                                   {product} {ergonomic}
    uintx NonNMethodCodeHeapSize                   = 5832780                                {pd product} {ergonomic}
    uintx NonProfiledCodeHeapSize                  = 122912730                              {pd product} {ergonomic}
    uintx ProfiledCodeHeapSize                     = 122912730                              {pd product} {ergonomic}
    uintx ReservedCodeCacheSize                    = 251658240                              {pd product} {ergonomic}
     bool SegmentedCodeCache                       = true                                      {product} {ergonomic}
   size_t SoftMaxHeapSize                          = 1990197248                             {manageable} {ergonomic}
     bool UseCompressedOops                        = true                           {product lp64_product} {ergonomic}
     bool UseG1GC                                  = true                                      {product} {ergonomic}
     bool UseLargePagesIndividualAllocation        = false                                  {pd product} {ergonomic}

Logging:
Log output configuration:
 #0: stdout all=warning uptime,level,tags foldmultilines=false
 #1: stderr all=off uptime,level,tags foldmultilines=false

Environment Variables:
JAVA_HOME=C:\Program Files\Java\jdk-21
PATH=C:\Program Files\Common Files\Oracle\Java\javapath;C:\Windows\system32;C:\Windows;C:\Windows\System32\Wbem;C:\Windows\System32\WindowsPowerShell\v1.0\;C:\Windows\System32\OpenSSH\;C:\Program Files\Java\jdk-21\bin;C:\Program Files\Git\cmd;C:\Program Files\Git\mingw64\bin;C:\Program Files\Git\usr\bin;C:\Program Files\nodejs\;C:\MinGW\bin;C:\wamp64\bin\php\php8.3.14;C:\Program Files\MySQL\MySQL Shell 8.0\bin\;C:\Users\HP\AppData\Local\Microsoft\WindowsApps;C:\Users\HP\AppData\Local\Programs\Microsoft VS Code\bin;C:\Users\HP\AppData\Roaming\npm;C:\Program Files\nodejs;C:\MinGW\bin;C:\wamp64\bin\mysql\mysql5.7.44\bin;C:\wamp64\www;C:\wamp64\bin\php\php8.3.14;C:\Users\HP\AppData\Roaming\Composer\vendor\bin;C:\Gradle\gradle-8.11\bin;C:\Program Files\Java\jdk-21\bin;C:\Program Files\JetBrains\IntelliJ IDEA 2024.3.1.1\bin;;C:\Program Files\JetBrains\IntelliJ IDEA Community Edition 2024.3.1.1\bin;;C:\Program Files\JetBrains\IntelliJ IDEA Community Edition 2024.3.1.1\bin;
USERNAME=HP
OS=Windows_NT
PROCESSOR_IDENTIFIER=Intel64 Family 6 Model 142 Stepping 9, GenuineIntel
TMP=C:\Users\HP\AppData\Local\Temp
TEMP=C:\Users\HP\AppData\Local\Temp




Periodic native trim disabled

---------------  S Y S T E M  ---------------

OS:
 Windows 10 , 64 bit Build 19041 (10.0.19041.5198)
OS uptime: 2 days 1:43 hours

CPU: total 4 (initial active 4) (2 cores per cpu, 2 threads per core) family 6 model 142 stepping 9 microcode 0xf0, cx8, cmov, fxsr, ht, mmx, 3dnowpref, sse, sse2, sse3, ssse3, sse4.1, sse4.2, popcnt, lzcnt, tsc, tscinvbit, avx, avx2, aes, erms, clmul, bmi1, bmi2, rtm, adx, fma, vzeroupper, clflush, clflushopt, rdtscp, f16c
Processor Information for all 4 processors :
  Max Mhz: 2712, Current Mhz: 2611, Mhz Limit: 2603

Memory: 4k page, system-wide physical 7587M (364M free)
TotalPageFile size 20383M (AvailPageFile size 16M)
current process WorkingSet (physical memory assigned to process): 252M, peak: 281M
current process commit charge ("private bytes"): 289M, peak: 312M

vm_info: Java HotSpot(TM) 64-Bit Server VM (21.0.4+8-LTS-274) for windows-amd64 JRE (21.0.4+8-LTS-274), built on 2024-06-05T05:23:33Z by "mach5one" with MS VC++ 17.6 (VS2022)

END.
